# JRE version: Java(TM) SE Runtime Environment (8.0_66-b18) (build 1.8.0_66-b18)
# Java VM: Java HotSpot(TM) 64-Bit Server VM (25.66-b18 mixed mode windows-amd64 compressed oops)
Heap:
 PSYoungGen      total 165888K, used 63125K [0x000000076b180000, 0x000000077a380000, 0x00000007c0000000)
  eden space 152576K, 32% used [0x000000076b180000,0x000000076e226b08,0x0000000774680000)
  from space 13312K, 99% used [0x0000000774680000,0x000000077537eb30,0x0000000775380000)
  to   space 14848K, 0% used [0x0000000779500000,0x0000000779500000,0x000000077a380000)
 ParOldGen       total 153088K, used 17014K [0x00000006c1400000, 0x00000006ca980000, 0x000000076b180000)
  object space 153088K, 11% used [0x00000006c1400000,0x00000006c249da20,0x00000006ca980000)
 Metaspace       used 49319K, capacity 50998K, committed 51248K, reserved 1093632K
  class space    used 6122K, capacity 6421K, committed 6448K, reserved 1048576K
GC Heap History (10 events):
Event: 2.268 GC heap before
{Heap before GC invocations=5 (full 1):
 PSYoungGen      total 76288K, used 76197K [0x000000076b180000, 0x0000000772a80000, 0x00000007c0000000)
  eden space 65536K, 100% used [0x000000076b180000,0x000000076f180000,0x000000076f180000)
  from space 10752K, 99% used [0x000000076f180000,0x000000076fbe9580,0x000000076fc00000)
  to   space 10752K, 0% used [0x0000000772000000,0x0000000772000000,0x0000000772a80000)
 ParOldGen       total 100352K, used 9583K [0x00000006c1400000, 0x00000006c7600000, 0x000000076b180000)
  object space 100352K, 9% used [0x00000006c1400000,0x00000006c1d5be88,0x00000006c7600000)
 Metaspace       used 32229K, capacity 33116K, committed 33328K, reserved 1079296K
  class space    used 4169K, capacity 4392K, committed 4400K, reserved 1048576K
Event: 2.288 GC heap after
Heap after GC invocations=5 (full 1):
 PSYoungGen      total 113152K, used 10735K [0x000000076b180000, 0x0000000772a80000, 0x00000007c0000000)
  eden space 102400K, 0% used [0x000000076b180000,0x000000076b180000,0x0000000771580000)
  from space 10752K, 99% used [0x0000000772000000,0x0000000772a7bd10,0x0000000772a80000)
  to   space 10752K, 0% used [0x0000000771580000,0x0000000771580000,0x0000000772000000)
 ParOldGen       total 100352K, used 11487K [0x00000006c1400000, 0x00000006c7600000, 0x000000076b180000)
  object space 100352K, 11% used [0x00000006c1400000,0x00000006c1f37eb8,0x00000006c7600000)
 Metaspace       used 32229K, capacity 33116K, committed 33328K, reserved 1079296K
  class space    used 4169K, capacity 4392K, committed 4400K, reserved 1048576K
}
Event: 2.624 GC heap before
{Heap before GC invocations=6 (full 1):
 PSYoungGen      total 113152K, used 38125K [0x000000076b180000, 0x0000000772a80000, 0x00000007c0000000)
  eden space 102400K, 26% used [0x000000076b180000,0x000000076cc3f828,0x0000000771580000)
  from space 10752K, 99% used [0x0000000772000000,0x0000000772a7bd10,0x0000000772a80000)
  to   space 10752K, 0% used [0x0000000771580000,0x0000000771580000,0x0000000772000000)
 ParOldGen       total 100352K, used 11487K [0x00000006c1400000, 0x00000006c7600000, 0x000000076b180000)
  object space 100352K, 11% used [0x00000006c1400000,0x00000006c1f37eb8,0x00000006c7600000)
 Metaspace       used 34167K, capacity 35414K, committed 35496K, reserved 1081344K
  class space    used 4404K, capacity 4651K, committed 4656K, reserved 1048576K
Event: 2.632 GC heap after
Heap after GC invocations=6 (full 1):
 PSYoungGen      total 113152K, used 10724K [0x000000076b180000, 0x0000000776480000, 0x00000007c0000000)
  eden space 102400K, 0% used [0x000000076b180000,0x000000076b180000,0x0000000771580000)
  from space 10752K, 99% used [0x0000000771580000,0x0000000771ff93e8,0x0000000772000000)
  to   space 12800K, 0% used [0x0000000775800000,0x0000000775800000,0x0000000776480000)
 ParOldGen       total 100352K, used 12307K [0x00000006c1400000, 0x00000006c7600000, 0x000000076b180000)
  object space 100352K, 12% used [0x00000006c1400000,0x00000006c2004f30,0x00000006c7600000)
 Metaspace       used 34167K, capacity 35414K, committed 35496K, reserved 1081344K
  class space    used 4404K, capacity 4651K, committed 4656K, reserved 1048576K
}
Event: 2.632 GC heap before
{Heap before GC invocations=7 (full 2):
 PSYoungGen      total 113152K, used 10724K [0x000000076b180000, 0x0000000776480000, 0x00000007c0000000)
  eden space 102400K, 0% used [0x000000076b180000,0x000000076b180000,0x0000000771580000)
  from space 10752K, 99% used [0x0000000771580000,0x0000000771ff93e8,0x0000000772000000)
  to   space 12800K, 0% used [0x0000000775800000,0x0000000775800000,0x0000000776480000)
 ParOldGen       total 100352K, used 12307K [0x00000006c1400000, 0x00000006c7600000, 0x000000076b180000)
  object space 100352K, 12% used [0x00000006c1400000,0x00000006c2004f30,0x00000006c7600000)
 Metaspace       used 34167K, capacity 35414K, committed 35496K, reserved 1081344K
  class space    used 4404K, capacity 4651K, committed 4656K, reserved 1048576K
Event: 2.675 GC heap after
Heap after GC invocations=7 (full 2):
 PSYoungGen      total 113152K, used 0K [0x000000076b180000, 0x0000000776480000, 0x00000007c0000000)
  eden space 102400K, 0% used [0x000000076b180000,0x000000076b180000,0x0000000771580000)
  from space 10752K, 0% used [0x0000000771580000,0x0000000771580000,0x0000000772000000)
  to   space 12800K, 0% used [0x0000000775800000,0x0000000775800000,0x0000000776480000)
 ParOldGen       total 153088K, used 16226K [0x00000006c1400000, 0x00000006ca980000, 0x000000076b180000)
  object space 153088K, 10% used [0x00000006c1400000,0x00000006c23d8a68,0x00000006ca980000)
 Metaspace       used 34167K, capacity 35414K, committed 35496K, reserved 1081344K
  class space    used 4404K, capacity 4651K, committed 4656K, reserved 1048576K
}
Event: 3.549 GC heap before
{Heap before GC invocations=8 (full 2):
 PSYoungGen      total 113152K, used 102400K [0x000000076b180000, 0x0000000776480000, 0x00000007c0000000)
  eden space 102400K, 100% used [0x000000076b180000,0x0000000771580000,0x0000000771580000)
  from space 10752K, 0% used [0x0000000771580000,0x0000000771580000,0x0000000772000000)
  to   space 12800K, 0% used [0x0000000775800000,0x0000000775800000,0x0000000776480000)
 ParOldGen       total 153088K, used 16226K [0x00000006c1400000, 0x00000006ca980000, 0x000000076b180000)
  object space 153088K, 10% used [0x00000006c1400000,0x00000006c23d8a68,0x00000006ca980000)
 Metaspace       used 40439K, capacity 41722K, committed 42032K, reserved 1085440K
  class space    used 5147K, capacity 5387K, committed 5424K, reserved 1048576K
Event: 3.556 GC heap after
Heap after GC invocations=8 (full 2):
 PSYoungGen      total 158208K, used 8305K [0x000000076b180000, 0x0000000776080000, 0x00000007c0000000)
  eden space 149504K, 0% used [0x000000076b180000,0x000000076b180000,0x0000000774380000)
  from space 8704K, 95% used [0x0000000775800000,0x000000077601c4f0,0x0000000776080000)
  to   space 13312K, 0% used [0x0000000774680000,0x0000000774680000,0x0000000775380000)
 ParOldGen       total 153088K, used 16234K [0x00000006c1400000, 0x00000006ca980000, 0x000000076b180000)
  object space 153088K, 10% used [0x00000006c1400000,0x00000006c23daa68,0x00000006ca980000)
 Metaspace       used 40439K, capacity 41722K, committed 42032K, reserved 1085440K
  class space    used 5147K, capacity 5387K, committed 5424K, reserved 1048576K
}
Event: 4.417 GC heap before
{Heap before GC invocations=9 (full 2):
 PSYoungGen      total 158208K, used 157809K [0x000000076b180000, 0x0000000776080000, 0x00000007c0000000)
  eden space 149504K, 100% used [0x000000076b180000,0x0000000774380000,0x0000000774380000)
  from space 8704K, 95% used [0x0000000775800000,0x000000077601c4f0,0x0000000776080000)
  to   space 13312K, 0% used [0x0000000774680000,0x0000000774680000,0x0000000775380000)
 ParOldGen       total 153088K, used 16234K [0x00000006c1400000, 0x00000006ca980000, 0x000000076b180000)
  object space 153088K, 10% used [0x00000006c1400000,0x00000006c23daa68,0x00000006ca980000)
 Metaspace       used 43390K, capacity 44920K, committed 44976K, reserved 1089536K
  class space    used 5510K, capacity 5802K, committed 5808K, reserved 1048576K
Event: 4.438 GC heap after
Heap after GC invocations=9 (full 2):
 PSYoungGen      total 165888K, used 13306K [0x000000076b180000, 0x000000077a380000, 0x00000007c0000000)
  eden space 152576K, 0% used [0x000000076b180000,0x000000076b180000,0x0000000774680000)
  from space 13312K, 99% used [0x0000000774680000,0x000000077537eb30,0x0000000775380000)
  to   space 14848K, 0% used [0x0000000779500000,0x0000000779500000,0x000000077a380000)
 ParOldGen       total 153088K, used 17014K [0x00000006c1400000, 0x00000006ca980000, 0x000000076b180000)
  object space 153088K, 11% used [0x00000006c1400000,0x00000006c249da20,0x00000006ca980000)
 Metaspace       used 43390K, capacity 44920K, committed 44976K, reserved 1089536K
  class space    used 5510K, capacity 5802K, committed 5808K, reserved 1048576K
}

